[1004/064504.436:WARNING:value_store_frontend.cc(45)] Reading mhjfbmdgcfjbbpaeojofohoefgiehjai.alarms from  failed: IO error: .../MANIFEST-000001: Unable to create sequential file (ChromeMethodBFE: 7::NewSequentialFile::1)
[1004/064659.054:ERROR:gpu_init.cc(426)] Passthrough is not supported, GL is disabled
[1004/084152.666:ERROR:cache_util_win.cc(20)] Unable to move the cache: Access is denied. (0x5)
[1004/084152.666:ERROR:cache_util.cc(144)] Unable to move cache folder C:/Users/bryanat/Documents/Unreal Projects/cashu_devbranch/Saved/webcache_4430\Cache to C:/Users/bryanat/Documents/Unreal Projects/cashu_devbranch/Saved/webcache_4430\old_Cache_000
[1004/084152.666:ERROR:disk_cache.cc(184)] Unable to create cache
[1004/084208.552:WARNING:value_store_frontend.cc(45)] Reading mhjfbmdgcfjbbpaeojofohoefgiehjai.alarms from  failed: IO error: .../MANIFEST-000001: Unable to create sequential file (ChromeMethodBFE: 7::NewSequentialFile::1)
[1004/084351.202:ERROR:gpu_init.cc(426)] Passthrough is not supported, GL is disabled
[1004/091937.459:ERROR:cache_util_win.cc(20)] Unable to move the cache: Access is denied. (0x5)
[1004/091937.460:ERROR:cache_util.cc(144)] Unable to move cache folder C:/Users/bryanat/Documents/Unreal Projects/cashu_devbranch/Saved/webcache_4430\Cache to C:/Users/bryanat/Documents/Unreal Projects/cashu_devbranch/Saved/webcache_4430\old_Cache_000
[1004/091937.460:ERROR:disk_cache.cc(184)] Unable to create cache
[1004/091943.117:WARNING:value_store_frontend.cc(45)] Reading mhjfbmdgcfjbbpaeojofohoefgiehjai.alarms from  failed: IO error: .../MANIFEST-000001: Unable to create sequential file (ChromeMethodBFE: 7::NewSequentialFile::1)
[1004/092135.707:ERROR:gpu_init.cc(426)] Passthrough is not supported, GL is disabled
[1004/093604.233:ERROR:cache_util_win.cc(20)] Unable to move the cache: Access is denied. (0x5)
[1004/093604.233:ERROR:cache_util.cc(144)] Unable to move cache folder C:/Users/bryanat/Documents/Unreal Projects/cashu_devbranch/Saved/webcache_4430\Cache to C:/Users/bryanat/Documents/Unreal Projects/cashu_devbranch/Saved/webcache_4430\old_Cache_000
[1004/093604.233:ERROR:disk_cache.cc(184)] Unable to create cache
[1004/093612.971:WARNING:value_store_frontend.cc(45)] Reading mhjfbmdgcfjbbpaeojofohoefgiehjai.alarms from  failed: IO error: .../MANIFEST-000001: Unable to create sequential file (ChromeMethodBFE: 7::NewSequentialFile::1)
[1004/093802.893:ERROR:gpu_init.cc(426)] Passthrough is not supported, GL is disabled
[1004/095740.460:ERROR:cache_util_win.cc(20)] Unable to move the cache: Access is denied. (0x5)
[1004/095740.460:ERROR:cache_util.cc(144)] Unable to move cache folder C:/Users/bryanat/Documents/Unreal Projects/cashu_devbranch/Saved/webcache_4430\Cache to C:/Users/bryanat/Documents/Unreal Projects/cashu_devbranch/Saved/webcache_4430\old_Cache_000
[1004/095740.460:ERROR:disk_cache.cc(184)] Unable to create cache
[1004/095747.649:WARNING:value_store_frontend.cc(45)] Reading mhjfbmdgcfjbbpaeojofohoefgiehjai.alarms from  failed: IO error: .../MANIFEST-000001: Unable to create sequential file (ChromeMethodBFE: 7::NewSequentialFile::1)
[1004/095939.407:ERROR:gpu_init.cc(426)] Passthrough is not supported, GL is disabled
